{"timestamp":"2026-01-31T10:41:03.805Z","level":"info","message":"User logged in successfully","userId":"696cbf5ffe66e564449fefcf","email":"qingvotter@gmail.com","role":"student"}
{"timestamp":"2026-01-31T10:42:18.672Z","level":"info","message":"User logged in successfully","userId":"696cbf5ffe66e564449fefcf","email":"qingvotter@gmail.com","role":"student"}
{"timestamp":"2026-01-31T10:43:32.791Z","level":"info","message":"Token refreshed successfully","userId":"696cbf5ffe66e564449fefcf","email":"qingvotter@gmail.com"}
{"timestamp":"2026-01-31T11:17:47.477Z","level":"info","message":"User logged in successfully","userId":"696cbf5ffe66e564449fefcf","email":"qingvotter@gmail.com","role":"student"}
{"timestamp":"2026-01-31T11:17:56.358Z","level":"info","message":"User logged in successfully","userId":"696cbf5ffe66e564449fefcf","email":"qingvotter@gmail.com","role":"student"}
{"timestamp":"2026-01-31T11:31:53.712Z","level":"info","message":"User logged in successfully","userId":"696cbf5ffe66e564449fefcf","email":"qingvotter@gmail.com","role":"student"}
{"timestamp":"2026-01-31T11:32:55.503Z","level":"info","message":"User logged in successfully","userId":"696cbf5ffe66e564449fefcf","email":"qingvotter@gmail.com","role":"student"}
{"timestamp":"2026-01-31T12:07:42.612Z","level":"info","message":"Token refreshed successfully","userId":"696cbf5ffe66e564449fefcf","email":"qingvotter@gmail.com"}
{"timestamp":"2026-01-31T12:23:59.249Z","level":"info","message":"User logged in successfully","userId":"696cbf5ffe66e564449fefcf","email":"qingvotter@gmail.com","role":"student"}
{"timestamp":"2026-01-31T12:38:16.907Z","level":"error","message":"Get quizzes error","error":"connection 179 to 65.62.241.159:27017 timed out","stack":"MongoServerSelectionError: connection 179 to 65.62.241.159:27017 timed out\n    at Topology.selectServer (C:\\programming\\LexGo\\node_modules\\mongodb\\lib\\sdam\\topology.js:346:38)\n    at runNextTicks (node:internal/process/task_queues:64:5)\n    at listOnTimeout (node:internal/timers:567:9)\n    at process.processTimers (node:internal/timers:541:7)\n    at async tryOperation (C:\\programming\\LexGo\\node_modules\\mongodb\\lib\\operations\\execute_operation.js:150:18)\n    at async executeOperation (C:\\programming\\LexGo\\node_modules\\mongodb\\lib\\operations\\execute_operation.js:80:16)\n    at async AggregationCursor._initialize (C:\\programming\\LexGo\\node_modules\\mongodb\\lib\\cursor\\aggregation_cursor.js:57:26)\n    at async AggregationCursor.cursorInit (C:\\programming\\LexGo\\node_modules\\mongodb\\lib\\cursor\\abstract_cursor.js:620:27)\n    at async AggregationCursor.fetchBatch (C:\\programming\\LexGo\\node_modules\\mongodb\\lib\\cursor\\abstract_cursor.js:654:13)\n    at async AggregationCursor.next (C:\\programming\\LexGo\\node_modules\\mongodb\\lib\\cursor\\abstract_cursor.js:326:17)\n    at async Collection.countDocuments (C:\\programming\\LexGo\\node_modules\\mongodb\\lib\\collection.js:521:21)\n    at async model.Query.exec (C:\\programming\\LexGo\\node_modules\\mongoose\\lib\\query.js:4627:63)\n    at async Promise.all (index 1)\n    at async getQuizzesHandler (C:\\programming\\LexGo\\controllers\\user\\ai\\quiz\\getQuizzes.js:49:35)","userId":"696cbf5ffe66e564449fefcf"}
{"timestamp":"2026-01-31T12:46:22.708Z","level":"info","message":"Token refreshed successfully","userId":"696cbf5ffe66e564449fefcf","email":"qingvotter@gmail.com"}
{"timestamp":"2026-01-31T16:18:54.507Z","level":"info","message":"User logged in successfully","userId":"696cbf5ffe66e564449fefcf","email":"qingvotter@gmail.com","role":"student"}
{"timestamp":"2026-01-31T16:53:05.843Z","level":"warn","message":"Login attempt with non-existent email","email":"qingvotter@gmail.com"}
{"timestamp":"2026-01-31T16:53:55.774Z","level":"info","message":"User registered successfully","userId":"697e33a316bae3a6b8516249","email":"mdolosky@gmail.com","role":"lecturer","university":"University of Lagos"}
{"timestamp":"2026-01-31T16:55:10.631Z","level":"warn","message":"Registration attempt with existing credentials","field":"Phone number","email":"doloskym@gmail.com","phoneNumber":"+2348012345678"}
{"timestamp":"2026-01-31T16:55:22.862Z","level":"info","message":"User registered successfully","userId":"697e33fa16bae3a6b851624e","email":"doloskym@gmail.com","role":"lecturer","university":"University of Lagos"}
{"timestamp":"2026-01-31T16:55:57.957Z","level":"warn","message":"Registration validation failed","errors":[{"field":"acadamicLevel","message":"\"acadamicLevel\" is required"},{"field":"program","message":"\"program\" is required"},{"field":"studentId","message":"\"studentId\" is required"}],"email":"doloskym@gmail.com"}
{"timestamp":"2026-01-31T16:56:08.890Z","level":"warn","message":"Registration attempt with existing credentials","field":"Phone number","email":"qingvotter@gmail.com","phoneNumber":"+2348012345678"}
{"timestamp":"2026-01-31T16:56:26.952Z","level":"info","message":"User registered successfully","userId":"697e343a16bae3a6b8516253","email":"qingvotter@gmail.com","role":"student","university":"University of Lagos"}
{"timestamp":"2026-01-31T16:57:14.337Z","level":"warn","message":"Registration attempt with existing credentials","field":"Email","email":"qingvotter@gmail.com","phoneNumber":"+2348012345676"}
{"timestamp":"2026-01-31T16:57:39.262Z","level":"info","message":"User registered successfully","userId":"697e348216bae3a6b8516258","email":"bingvotter@gmail.com","role":"student","university":"University of Lagos"}
{"timestamp":"2026-01-31T16:57:53.779Z","level":"info","message":"User logged in successfully","userId":"697e343a16bae3a6b8516253","email":"qingvotter@gmail.com","role":"student"}
{"timestamp":"2026-01-31T16:58:01.416Z","level":"info","message":"User logged out successfully","userId":"697e343a16bae3a6b8516253"}
{"timestamp":"2026-01-31T16:58:09.862Z","level":"info","message":"User logged in successfully","userId":"697e343a16bae3a6b8516253","email":"qingvotter@gmail.com","role":"student"}
{"timestamp":"2026-01-31T17:13:10.863Z","level":"info","message":"User logged in successfully","userId":"697e343a16bae3a6b8516253","email":"qingvotter@gmail.com","role":"student"}
{"timestamp":"2026-01-31T17:14:15.133Z","level":"info","message":"User logged in successfully","userId":"697e343a16bae3a6b8516253","email":"qingvotter@gmail.com","role":"student"}
{"timestamp":"2026-01-31T17:49:04.859Z","level":"info","message":"Token refreshed successfully","userId":"697e343a16bae3a6b8516253","email":"qingvotter@gmail.com"}
{"timestamp":"2026-01-31T17:50:16.048Z","level":"info","message":"Token refreshed successfully","userId":"697e343a16bae3a6b8516253","email":"qingvotter@gmail.com"}
